2019-11-08 09:54:38,992  INFO  SSCC.LOG - SSCC.IST.LOGINPLUGIN;0;欢迎使用北京结算终端服务，程序版本日期为20150831，用户取消登录！
2019-11-08 09:56:59,893  INFO  SSCC.LOG - SSCC.IST.LOGINPLUGIN;0;欢迎使用北京结算终端服务，用户2402登录成功, 版本日期为20150831
2019-11-08 09:57:00,845  DEBUG SSCC.LOG - PLUGINENGINE;0;插件"SSCC.LOGPLUGIN"初始化成功。
2019-11-08 09:57:00,845  DEBUG SSCC.LOG - PLUGINENGINE;0;插件"SSCC.IST.LOGINPLUGIN"初始化成功。
2019-11-08 09:57:00,845  DEBUG SSCC.LOG - PLUGINENGINE;0;插件"SSCC.IST.NOTICEPLUGIN"初始化成功。
2019-11-08 09:57:00,845  DEBUG SSCC.LOG - PLUGINENGINE;0;插件"SSCC.IST.FILETRANSFERPLUGIN"初始化成功。
2019-11-08 09:57:00,845  DEBUG SSCC.LOG - PLUGINENGINE;0;插件"SSCC.IST.VOUCHERPLUGIN"初始化成功。
2019-11-08 09:57:00,845  DEBUG SSCC.LOG - PLUGINENGINE;0;插件"SSCC.IST.CLEARPLUGIN"初始化成功。
2019-11-08 09:57:00,845  DEBUG SSCC.LOG - PLUGINENGINE;0;插件"SSCC.IST.FJYPLUGIN"初始化成功。
2019-11-08 09:57:00,845  DEBUG SSCC.LOG - PLUGINENGINE;0;插件"SSCC.IST.USERPLUGIN"初始化成功。
2019-11-08 09:57:00,845  DEBUG SSCC.LOG - PLUGINENGINE;0;插件"SSCC.IST.CONFIGPLUGIN"初始化成功。
2019-11-08 09:57:01,157  DEBUG SSCC.LOG - ISTFRAME;0;信息区窗口"LogForm"与已有信息区窗口类型重复，该信息区窗口将被忽略。
2019-11-08 09:57:01,641  DEBUG SSCC.LOG - ISTMAINFORM;0;正在刷新公告列表...
2019-11-08 09:57:01,859  DEBUG SSCC.LOG - ISTMAINFORM;0;就绪
2019-11-08 09:57:02,187  DEBUG SSCC.LOG - FILEWORKERTHREAD;0;Startup fileWorkerThread
2019-11-08 09:57:02,405  DEBUG SSCC.LOG - INSTWORKERTHREAD;0;Startup instWorkerThread
2019-11-08 09:57:02,545  DEBUG SSCC.LOG - FJYWORKERTHREAD;0;Startup FJYWorkerThread
2019-11-08 09:57:02,545  DEBUG SSCC.LOG - WORKERTHREAD;0;Startup workerThread
2019-11-08 09:57:02,639  DEBUG SSCC.LOG - InstWorker;0;打开ZDYWSX.dat文件(Path:C:\Program Files (x86)\SSCC\北京结算终端服务\ZDYW\2019-11-08\ZDYWSX.dat)
2019-11-08 09:57:02,655  DEBUG SSCC.LOG - ISTMAINFORM;0;正在导入CSZQK.DBF的信息，请耐心等待...
2019-11-08 09:57:02,811  DEBUG SSCC.LOG - ISTMAINFORM;0;就绪
2019-11-08 09:57:02,811  DEBUG SSCC.LOG - ISTMAINFORM;0;正在导入CSZHK.DBF的信息，请耐心等待...
2019-11-08 09:57:02,811  DEBUG SSCC.LOG - ISTMAINFORM;0;就绪
2019-11-08 09:57:02,811  DEBUG SSCC.LOG - ISTMAINFORM;0;正在导入BJSXW.DBF的信息，请耐心等待...
2019-11-08 09:57:02,826  DEBUG SSCC.LOG - ISTMAINFORM;0;就绪
2019-11-08 09:57:02,826  DEBUG SSCC.LOG - ISTMAINFORM;0;正在导入BJSXW2.DBF的信息，请耐心等待...
2019-11-08 09:57:02,842  DEBUG SSCC.LOG - ISTMAINFORM;0;就绪
2019-11-08 09:57:02,842  DEBUG SSCC.LOG - ISTMAINFORM;0;OnlineUpdate Init
2019-11-08 09:57:12,627  DEBUG SSCC.LOG - SSCC.IST.FILETRANSFERPLUGIN;0;*点击文件下载*
2019-11-08 09:58:03,228  INFO  SSCC.LOG - SSCC.IST.FILETRANSFERPLUGIN;0;开始新文件任务：DAILY，C:\Program Files (x86)\SSCC\北京结算终端服务\FileTask\2019-11-08\CSDDB.DBF！
2019-11-08 09:58:03,259  INFO  SSCC.LOG - SSCC.IST.FILETRANSFERPLUGIN;0;开始新文件任务：DAILY，C:\Program Files (x86)\SSCC\北京结算终端服务\Data\BJSXW.DBF！
2019-11-08 09:58:03,290  INFO  SSCC.LOG - SSCC.IST.FILETRANSFERPLUGIN;0;开始新文件任务：DAILY，C:\Program Files (x86)\SSCC\北京结算终端服务\Data\BJSXW2.DBF！
2019-11-08 09:58:03,290  INFO  SSCC.LOG - SSCC.IST.FILETRANSFERPLUGIN;0;开始新文件任务：DAILY，C:\Program Files (x86)\SSCC\北京结算终端服务\Data\CSZQK.DBF！
2019-11-08 09:58:03,306  INFO  SSCC.LOG - SSCC.IST.FILETRANSFERPLUGIN;0;下载文件"CSDDB.DBF"成功，文件长度461
2019-11-08 09:58:03,306  DEBUG SSCC.LOG - SSCC.IST.FILETRANSFERPLUGIN;0;开始解析CSDDB文件，生成常用文件进度数据！
2019-11-08 09:58:03,446  INFO  SSCC.LOG - SSCC.IST.FILETRANSFERPLUGIN;0;下载文件"BJSXW.DBF"成功，文件长度43726
2019-11-08 09:58:03,462  DEBUG SSCC.LOG - ISTMAINFORM;0;正在导入BJSXW.DBF的信息，请耐心等待...
2019-11-08 09:58:03,493  DEBUG SSCC.LOG - ISTMAINFORM;0;就绪
2019-11-08 09:58:03,586  INFO  SSCC.LOG - SSCC.IST.FILETRANSFERPLUGIN;0;下载文件"BJSXW2.DBF"成功，文件长度785
2019-11-08 09:58:03,602  DEBUG SSCC.LOG - ISTMAINFORM;0;正在导入BJSXW2.DBF的信息，请耐心等待...
2019-11-08 09:58:03,602  DEBUG SSCC.LOG - ISTMAINFORM;0;就绪
2019-11-08 09:58:04,335  INFO  SSCC.LOG - SSCC.IST.FILETRANSFERPLUGIN;0;下载文件"CSZQK.DBF"成功，文件长度347574
2019-11-08 09:58:04,335  DEBUG SSCC.LOG - ISTMAINFORM;0;正在导入CSZQK.DBF的信息，请耐心等待...
2019-11-08 09:58:04,476  DEBUG SSCC.LOG - ISTMAINFORM;0;就绪
2019-11-08 10:00:49,327  INFO  SSCC.LOG - SSCC.IST.FILETRANSFERPLUGIN;0;开始新文件任务：DOWNLOAD，Y:\20191108\BJZSMX.DBF！
2019-11-08 10:00:49,389  INFO  SSCC.LOG - SSCC.IST.FILETRANSFERPLUGIN;0;开始传输文件： BJZSMX.DBF
2019-11-08 10:00:49,483  INFO  SSCC.LOG - SSCC.IST.FILETRANSFERPLUGIN;0;下载文件"BJZSMX.DBF"成功，文件长度767
2019-11-08 10:03:09,137  INFO  SSCC.LOG - SSCC.IST.FILETRANSFERPLUGIN;0;开始新文件任务：DOWNLOAD，Y:\20191108\BJZSMX.DBF！
2019-11-08 10:03:09,153  INFO  SSCC.LOG - SSCC.IST.FILETRANSFERPLUGIN;0;开始传输文件： BJZSMX.DBF
2019-11-08 10:03:09,215  INFO  SSCC.LOG - SSCC.IST.FILETRANSFERPLUGIN;0;下载文件"BJZSMX.DBF"成功，文件长度767
2019-11-08 10:03:53,180  DEBUG SSCC.LOG - ISTMAINFORM;0;正在保存环境，请稍后...
2019-11-08 10:03:53,180  DEBUG SSCC.LOG - WORKERTHREAD;0;Stop workThread,ThreadState:WaitSleepJoin
2019-11-08 10:03:53,289  DEBUG SSCC.LOG - WORKERTHREAD;0;停止workThread线程成功
2019-11-08 10:03:53,289  DEBUG SSCC.LOG - FILEWORKERTHREAD;0;Stop fileWorkThread,ThreadState:WaitSleepJoin
2019-11-08 10:03:53,398  DEBUG SSCC.LOG - FILEWORKERTHREAD;0;停止fileWorkThread线程成功
2019-11-08 10:03:53,398  DEBUG SSCC.LOG - INSTWORKERTHREAD;0;Stop instWorkThread,ThreadState:WaitSleepJoin
2019-11-08 10:03:53,726  DEBUG SSCC.LOG - INSTWORKERTHREAD;0;停止instWorkThread线程成功
2019-11-08 10:03:53,726  DEBUG SSCC.LOG - FJYWORKERTHREAD;0;Stop FJYWorkThread,ThreadState:WaitSleepJoin
2019-11-08 10:03:53,835  DEBUG SSCC.LOG - FJYWORKERTHREAD;0;停止FJYWorkThread线程成功
2019-11-08 10:03:53,866  DEBUG SSCC.LOG - SSCC.IST.APPFRAME;0;ISTMainForm_Closing中Logout！
2019-11-08 10:03:53,882  INFO  SSCC.LOG - SSCC.IST.APPFRAME;0;用户关闭程序！
2019-11-08 10:04:17,100  INFO  SSCC.LOG - SSCC.IST.LOGINPLUGIN;0;欢迎使用北京结算终端服务，用户2402登录成功, 版本日期为20150831
2019-11-08 10:04:17,474  DEBUG SSCC.LOG - PLUGINENGINE;0;插件"SSCC.LOGPLUGIN"初始化成功。
2019-11-08 10:04:17,474  DEBUG SSCC.LOG - PLUGINENGINE;0;插件"SSCC.IST.LOGINPLUGIN"初始化成功。
2019-11-08 10:04:17,474  DEBUG SSCC.LOG - PLUGINENGINE;0;插件"SSCC.IST.NOTICEPLUGIN"初始化成功。
2019-11-08 10:04:17,474  DEBUG SSCC.LOG - PLUGINENGINE;0;插件"SSCC.IST.FILETRANSFERPLUGIN"初始化成功。
2019-11-08 10:04:17,474  DEBUG SSCC.LOG - PLUGINENGINE;0;插件"SSCC.IST.VOUCHERPLUGIN"初始化成功。
2019-11-08 10:04:17,474  DEBUG SSCC.LOG - PLUGINENGINE;0;插件"SSCC.IST.CLEARPLUGIN"初始化成功。
2019-11-08 10:04:17,474  DEBUG SSCC.LOG - PLUGINENGINE;0;插件"SSCC.IST.FJYPLUGIN"初始化成功。
2019-11-08 10:04:17,474  DEBUG SSCC.LOG - PLUGINENGINE;0;插件"SSCC.IST.USERPLUGIN"初始化成功。
2019-11-08 10:04:17,474  DEBUG SSCC.LOG - PLUGINENGINE;0;插件"SSCC.IST.CONFIGPLUGIN"初始化成功。
2019-11-08 10:04:17,739  DEBUG SSCC.LOG - ISTFRAME;0;信息区窗口"LogForm"与已有信息区窗口类型重复，该信息区窗口将被忽略。
2019-11-08 10:04:17,880  DEBUG SSCC.LOG - ISTMAINFORM;0;正在刷新公告列表...
2019-11-08 10:04:17,895  DEBUG SSCC.LOG - ISTMAINFORM;0;就绪
2019-11-08 10:04:17,973  DEBUG SSCC.LOG - FILEWORKERTHREAD;0;Startup fileWorkerThread
2019-11-08 10:04:18,004  DEBUG SSCC.LOG - INSTWORKERTHREAD;0;Startup instWorkerThread
2019-11-08 10:04:18,036  DEBUG SSCC.LOG - FJYWORKERTHREAD;0;Startup FJYWorkerThread
2019-11-08 10:04:18,036  DEBUG SSCC.LOG - InstWorker;0;打开ZDYWSX.dat文件(Path:C:\Program Files (x86)\SSCC\北京结算终端服务\ZDYW\2019-11-08\ZDYWSX.dat)
2019-11-08 10:04:18,036  DEBUG SSCC.LOG - WORKERTHREAD;0;Startup workerThread
2019-11-08 10:04:18,067  DEBUG SSCC.LOG - ISTMAINFORM;0;正在导入CSZQK.DBF的信息，请耐心等待...
2019-11-08 10:04:18,160  DEBUG SSCC.LOG - ISTMAINFORM;0;就绪
2019-11-08 10:04:18,160  DEBUG SSCC.LOG - ISTMAINFORM;0;正在导入CSZHK.DBF的信息，请耐心等待...
2019-11-08 10:04:18,160  DEBUG SSCC.LOG - ISTMAINFORM;0;就绪
2019-11-08 10:04:18,160  DEBUG SSCC.LOG - ISTMAINFORM;0;正在导入BJSXW.DBF的信息，请耐心等待...
2019-11-08 10:04:18,160  DEBUG SSCC.LOG - ISTMAINFORM;0;就绪
2019-11-08 10:04:18,160  DEBUG SSCC.LOG - ISTMAINFORM;0;正在导入BJSXW2.DBF的信息，请耐心等待...
2019-11-08 10:04:18,160  DEBUG SSCC.LOG - ISTMAINFORM;0;就绪
2019-11-08 10:04:18,160  DEBUG SSCC.LOG - ISTMAINFORM;0;OnlineUpdate Init
2019-11-08 10:04:27,926  DEBUG SSCC.LOG - SSCC.IST.FILETRANSFERPLUGIN;0;*点击文件下载*
2019-11-08 10:04:51,720  INFO  SSCC.LOG - SSCC.IST.FILETRANSFERPLUGIN;0;开始新文件任务：DOWNLOAD，Y:\20191108\BJZSMX.DBF！
2019-11-08 10:04:51,736  INFO  SSCC.LOG - SSCC.IST.FILETRANSFERPLUGIN;0;开始传输文件： BJZSMX.DBF
2019-11-08 10:04:51,814  INFO  SSCC.LOG - SSCC.IST.FILETRANSFERPLUGIN;0;下载文件"BJZSMX.DBF"成功，文件长度767
2019-11-08 10:05:47,599  INFO  SSCC.LOG - SSCC.IST.FILETRANSFERPLUGIN;0;开始新文件任务：DOWNLOAD，Y:\20191108\END20191107.OK！
2019-11-08 10:05:47,614  INFO  SSCC.LOG - SSCC.IST.FILETRANSFERPLUGIN;0;已经向北京结算通信网关发送指令，开始从主站下载： END20191107.OK， 路径：C:\Program Files (x86)\SSCC\北京结算通信网关\File\2019-11-7\END20191107.OK
2019-11-08 10:05:59,132  ERROR SSCC.LOG - SSCC.IST.FILETRANSFERPLUGIN;0;调用远程服务GetFile下载文件END20191107.OK没有获得数据
2019-11-08 10:05:59,163  DEBUG SSCC.LOG - SSCC.IST.FILETRANSFERPLUGIN;0;删除文件任务成功，文件名：END20191107.OK，文件任务ID：11080008
2019-11-08 10:05:59,881  INFO  SSCC.LOG - SSCC.IST.FILETRANSFERPLUGIN;0;开始新文件任务：DOWNLOAD，Y:\20191108\JS20191107.OK！
2019-11-08 10:05:59,896  INFO  SSCC.LOG - SSCC.IST.FILETRANSFERPLUGIN;0;已经向北京结算通信网关发送指令，开始从主站下载： JS20191107.OK， 路径：C:\Program Files (x86)\SSCC\北京结算通信网关\File\2019-11-7\JS20191107.OK
2019-11-08 10:06:11,175  ERROR SSCC.LOG - SSCC.IST.FILETRANSFERPLUGIN;0;调用远程服务GetFile下载文件JS20191107.OK没有获得数据
2019-11-08 10:06:11,206  DEBUG SSCC.LOG - SSCC.IST.FILETRANSFERPLUGIN;0;删除文件任务成功，文件名：JS20191107.OK，文件任务ID：11080009
2019-11-08 10:06:23,109  INFO  SSCC.LOG - SSCC.IST.FILETRANSFERPLUGIN;0;开始新文件任务：DOWNLOAD，Y:\20191108\BJSJG20191107.DBF！
2019-11-08 10:06:23,125  INFO  SSCC.LOG - SSCC.IST.FILETRANSFERPLUGIN;0;已经向北京结算通信网关发送指令，开始从主站下载： BJSJG20191107.DBF， 路径：C:\Program Files (x86)\SSCC\北京结算通信网关\File\2019-11-7\BJSJG20191107.DBF
2019-11-08 10:06:35,092  INFO  SSCC.LOG - SSCC.IST.FILETRANSFERPLUGIN;0;开始新文件任务：DOWNLOAD，Y:\20191108\BJSZJ20191107.DBF！
2019-11-08 10:06:35,123  INFO  SSCC.LOG - SSCC.IST.FILETRANSFERPLUGIN;0;已经向北京结算通信网关发送指令，开始从主站下载： BJSZJ20191107.DBF， 路径：C:\Program Files (x86)\SSCC\北京结算通信网关\File\2019-11-7\BJSZJ20191107.DBF
2019-11-08 10:06:47,541  INFO  SSCC.LOG - SSCC.IST.FILETRANSFERPLUGIN;0;开始新文件任务：DOWNLOAD，Y:\20191108\BJSYE20191107.DBF！
2019-11-08 10:06:47,572  INFO  SSCC.LOG - SSCC.IST.FILETRANSFERPLUGIN;0;已经向北京结算通信网关发送指令，开始从主站下载： BJSYE20191107.DBF， 路径：C:\Program Files (x86)\SSCC\北京结算通信网关\File\2019-11-7\BJSYE20191107.DBF
2019-11-08 10:06:47,806  INFO  SSCC.LOG - SSCC.IST.FILETRANSFERPLUGIN;0;下载文件"BJSZJ20191107.DBF"成功，文件长度1549
2019-11-08 10:07:11,052  INFO  SSCC.LOG - SSCC.IST.FILETRANSFERPLUGIN;0;开始新文件任务：DOWNLOAD，Y:\20191108\BJSFW20191107.DBF！
2019-11-08 10:07:11,083  INFO  SSCC.LOG - SSCC.IST.FILETRANSFERPLUGIN;0;已经向北京结算通信网关发送指令，开始从主站下载： BJSFW20191107.DBF， 路径：C:\Program Files (x86)\SSCC\北京结算通信网关\File\2019-11-7\BJSFW20191107.DBF
2019-11-08 10:07:23,329  INFO  SSCC.LOG - SSCC.IST.FILETRANSFERPLUGIN;0;开始新文件任务：DOWNLOAD，Y:\20191108\BJSDS20191107.DBF！
2019-11-08 10:07:23,345  INFO  SSCC.LOG - SSCC.IST.FILETRANSFERPLUGIN;0;已经向北京结算通信网关发送指令，开始从主站下载： BJSDS20191107.DBF， 路径：C:\Program Files (x86)\SSCC\北京结算通信网关\File\2019-11-7\BJSDS20191107.DBF
2019-11-08 10:07:35,127  INFO  SSCC.LOG - SSCC.IST.FILETRANSFERPLUGIN;0;开始新文件任务：DOWNLOAD，Y:\20191108\BJSDZ20191107.DBF！
2019-11-08 10:07:35,143  INFO  SSCC.LOG - SSCC.IST.FILETRANSFERPLUGIN;0;已经向北京结算通信网关发送指令，开始从主站下载： BJSDZ20191107.DBF， 路径：C:\Program Files (x86)\SSCC\北京结算通信网关\File\2019-11-7\BJSDZ20191107.DBF
2019-11-08 10:07:47,279  INFO  SSCC.LOG - SSCC.IST.FILETRANSFERPLUGIN;0;开始新文件任务：DOWNLOAD，Y:\20191108\ZJJGK20191107.DBF！
2019-11-08 10:07:47,326  INFO  SSCC.LOG - SSCC.IST.FILETRANSFERPLUGIN;0;已经向北京结算通信网关发送指令，开始从主站下载： ZJJGK20191107.DBF， 路径：C:\Program Files (x86)\SSCC\北京结算通信网关\File\2019-11-7\ZJJGK20191107.DBF
2019-11-08 10:08:11,183  INFO  SSCC.LOG - SSCC.IST.FILETRANSFERPLUGIN;0;开始新文件任务：DOWNLOAD，Y:\20191108\BJSMX120191107.DBF！
2019-11-08 10:08:11,214  INFO  SSCC.LOG - SSCC.IST.FILETRANSFERPLUGIN;0;已经向北京结算通信网关发送指令，开始从主站下载： BJSMX120191107.DBF， 路径：C:\Program Files (x86)\SSCC\北京结算通信网关\File\2019-11-7\BJSMX120191107.DBF
2019-11-08 10:08:35,222  INFO  SSCC.LOG - SSCC.IST.FILETRANSFERPLUGIN;0;开始新文件任务：DOWNLOAD，Y:\20191108\BJSTJ20191107.DBF！
2019-11-08 10:08:35,253  INFO  SSCC.LOG - SSCC.IST.FILETRANSFERPLUGIN;0;已经向北京结算通信网关发送指令，开始从主站下载： BJSTJ20191107.DBF， 路径：C:\Program Files (x86)\SSCC\北京结算通信网关\File\2019-11-7\BJSTJ20191107.DBF
2019-11-08 10:08:59,267  INFO  SSCC.LOG - SSCC.IST.FILETRANSFERPLUGIN;0;开始新文件任务：DOWNLOAD，Y:\20191108\BJZSMXFK20191107.DBF！
2019-11-08 10:08:59,298  INFO  SSCC.LOG - SSCC.IST.FILETRANSFERPLUGIN;0;已经向北京结算通信网关发送指令，开始从主站下载： BJZSMXFK20191107.DBF， 路径：C:\Program Files (x86)\SSCC\北京结算通信网关\File\2019-11-7\BJZSMXFK20191107.DBF
2019-11-08 10:09:11,468  INFO  SSCC.LOG - SSCC.IST.FILETRANSFERPLUGIN;0;开始新文件任务：DOWNLOAD，Y:\20191108\BJSMX020191107.DBF！
2019-11-08 10:09:11,484  INFO  SSCC.LOG - SSCC.IST.FILETRANSFERPLUGIN;0;已经向北京结算通信网关发送指令，开始从主站下载： BJSMX020191107.DBF， 路径：C:\Program Files (x86)\SSCC\北京结算通信网关\File\2019-11-7\BJSMX020191107.DBF
2019-11-08 10:09:23,121  INFO  SSCC.LOG - SSCC.IST.FILETRANSFERPLUGIN;0;开始新文件任务：DOWNLOAD，Y:\20191108\BJZSMX20191107.DBF！
2019-11-08 10:09:23,153  INFO  SSCC.LOG - SSCC.IST.FILETRANSFERPLUGIN;0;已经向北京结算通信网关发送指令，开始从主站下载： BJZSMX20191107.DBF， 路径：C:\Program Files (x86)\SSCC\北京结算通信网关\File\2019-11-7\BJZSMX20191107.DBF
2019-11-08 10:09:23,355  INFO  SSCC.LOG - SSCC.IST.FILETRANSFERPLUGIN;0;开始新文件任务：DOWNLOAD，Y:\20191108\END20191107.OK！
2019-11-08 10:09:23,387  INFO  SSCC.LOG - SSCC.IST.FILETRANSFERPLUGIN;0;已经向北京结算通信网关发送指令，开始从主站下载： END20191107.OK， 路径：C:\Program Files (x86)\SSCC\北京结算通信网关\File\2019-11-7\END20191107.OK
2019-11-08 10:09:23,418  INFO  SSCC.LOG - SSCC.IST.FILETRANSFERPLUGIN;0;开始新文件任务：DOWNLOAD，Y:\20191108\JS20191107.OK！
2019-11-08 10:09:23,433  INFO  SSCC.LOG - SSCC.IST.FILETRANSFERPLUGIN;0;已经向北京结算通信网关发送指令，开始从主站下载： JS20191107.OK， 路径：C:\Program Files (x86)\SSCC\北京结算通信网关\File\2019-11-7\JS20191107.OK
2019-11-08 10:09:24,463  DEBUG SSCC.LOG - SSCC.IST.FILETRANSFERPLUGIN;0;删除文件任务成功，文件名：BJSJG20191107.DBF，文件任务ID：11080010
2019-11-08 10:09:24,494  INFO  SSCC.LOG - SSCC.IST.FILETRANSFERPLUGIN;0;开始新文件任务：DOWNLOAD，Y:\20191108\BJSJG20191107.DBF！
2019-11-08 10:09:24,494  INFO  SSCC.LOG - SSCC.IST.FILETRANSFERPLUGIN;0;已经向北京结算通信网关发送指令，开始从主站下载： BJSJG20191107.DBF， 路径：C:\Program Files (x86)\SSCC\北京结算通信网关\File\2019-11-7\BJSJG20191107.DBF
2019-11-08 10:09:24,557  INFO  SSCC.LOG - SSCC.IST.FILETRANSFERPLUGIN;0;下载文件"BJSYE20191107.DBF"成功，文件长度785
2019-11-08 10:09:24,713  INFO  SSCC.LOG - SSCC.IST.FILETRANSFERPLUGIN;0;下载文件"BJSFW20191107.DBF"成功，文件长度449
2019-11-08 10:09:24,869  INFO  SSCC.LOG - SSCC.IST.FILETRANSFERPLUGIN;0;下载文件"BJSDS20191107.DBF"成功，文件长度1021
2019-11-08 10:09:25,664  INFO  SSCC.LOG - SSCC.IST.FILETRANSFERPLUGIN;0;下载文件"BJZSMXFK20191107.DBF"成功，文件长度311
2019-11-08 10:09:25,992  INFO  SSCC.LOG - SSCC.IST.FILETRANSFERPLUGIN;0;下载文件"ZJJGK20191107.DBF"成功，文件长度1281
2019-11-08 10:09:26,444  INFO  SSCC.LOG - SSCC.IST.FILETRANSFERPLUGIN;0;下载文件"BJSTJ20191107.DBF"成功，文件长度17333
2019-11-08 10:09:27,131  INFO  SSCC.LOG - SSCC.IST.FILETRANSFERPLUGIN;0;下载文件"END20191107.OK"成功，文件长度0
2019-11-08 10:09:27,973  INFO  SSCC.LOG - SSCC.IST.FILETRANSFERPLUGIN;0;下载文件"JS20191107.OK"成功，文件长度0
2019-11-08 10:09:28,347  INFO  SSCC.LOG - SSCC.IST.FILETRANSFERPLUGIN;0;下载文件"BJSMX120191107.DBF"成功，文件长度249439
2019-11-08 10:09:31,998  INFO  SSCC.LOG - SSCC.IST.FILETRANSFERPLUGIN;0;下载文件"BJSDZ20191107.DBF"成功，文件长度848911
2019-11-08 10:09:32,247  INFO  SSCC.LOG - SSCC.IST.FILETRANSFERPLUGIN;0;开始新文件任务：DOWNLOAD，Y:\20191108\BJSZJ20191107.DBF！
2019-11-08 10:09:32,263  INFO  SSCC.LOG - SSCC.IST.FILETRANSFERPLUGIN;0;已经向北京结算通信网关发送指令，开始从主站下载： BJSZJ20191107.DBF， 路径：C:\Program Files (x86)\SSCC\北京结算通信网关\File\2019-11-7\BJSZJ20191107.DBF
2019-11-08 10:09:32,747  INFO  SSCC.LOG - SSCC.IST.FILETRANSFERPLUGIN;0;下载文件"BJSZJ20191107.DBF"成功，文件长度1549
2019-11-08 10:09:33,043  INFO  SSCC.LOG - SSCC.IST.FILETRANSFERPLUGIN;0;开始新文件任务：DOWNLOAD，Y:\20191108\BJSYE20191107.DBF！
2019-11-08 10:09:33,059  INFO  SSCC.LOG - SSCC.IST.FILETRANSFERPLUGIN;0;已经向北京结算通信网关发送指令，开始从主站下载： BJSYE20191107.DBF， 路径：C:\Program Files (x86)\SSCC\北京结算通信网关\File\2019-11-7\BJSYE20191107.DBF
2019-11-08 10:09:33,417  INFO  SSCC.LOG - SSCC.IST.FILETRANSFERPLUGIN;0;下载文件"BJSYE20191107.DBF"成功，文件长度785
2019-11-08 10:09:33,589  INFO  SSCC.LOG - SSCC.IST.FILETRANSFERPLUGIN;0;开始新文件任务：DOWNLOAD，Y:\20191108\BJSFW20191107.DBF！
2019-11-08 10:09:33,620  INFO  SSCC.LOG - SSCC.IST.FILETRANSFERPLUGIN;0;已经向北京结算通信网关发送指令，开始从主站下载： BJSFW20191107.DBF， 路径：C:\Program Files (x86)\SSCC\北京结算通信网关\File\2019-11-7\BJSFW20191107.DBF
2019-11-08 10:09:33,917  INFO  SSCC.LOG - SSCC.IST.FILETRANSFERPLUGIN;0;下载文件"BJSJG20191107.DBF"成功，文件长度517409
2019-11-08 10:09:34,213  INFO  SSCC.LOG - SSCC.IST.FILETRANSFERPLUGIN;0;开始新文件任务：DOWNLOAD，Y:\20191108\BJSDS20191107.DBF！
2019-11-08 10:09:34,244  INFO  SSCC.LOG - SSCC.IST.FILETRANSFERPLUGIN;0;已经向北京结算通信网关发送指令，开始从主站下载： BJSDS20191107.DBF， 路径：C:\Program Files (x86)\SSCC\北京结算通信网关\File\2019-11-7\BJSDS20191107.DBF
2019-11-08 10:09:34,587  INFO  SSCC.LOG - SSCC.IST.FILETRANSFERPLUGIN;0;下载文件"BJSFW20191107.DBF"成功，文件长度449
2019-11-08 10:09:34,821  INFO  SSCC.LOG - SSCC.IST.FILETRANSFERPLUGIN;0;开始新文件任务：DOWNLOAD，Y:\20191108\BJSDZ20191107.DBF！
2019-11-08 10:09:34,853  INFO  SSCC.LOG - SSCC.IST.FILETRANSFERPLUGIN;0;已经向北京结算通信网关发送指令，开始从主站下载： BJSDZ20191107.DBF， 路径：C:\Program Files (x86)\SSCC\北京结算通信网关\File\2019-11-7\BJSDZ20191107.DBF
2019-11-08 10:09:35,040  INFO  SSCC.LOG - SSCC.IST.FILETRANSFERPLUGIN;0;下载文件"BJSDS20191107.DBF"成功，文件长度1021
2019-11-08 10:09:35,648  INFO  SSCC.LOG - SSCC.IST.FILETRANSFERPLUGIN;0;开始新文件任务：DOWNLOAD，Y:\20191108\ZJJGK20191107.DBF！
2019-11-08 10:09:35,664  INFO  SSCC.LOG - SSCC.IST.FILETRANSFERPLUGIN;0;已经向北京结算通信网关发送指令，开始从主站下载： ZJJGK20191107.DBF， 路径：C:\Program Files (x86)\SSCC\北京结算通信网关\File\2019-11-7\ZJJGK20191107.DBF
2019-11-08 10:09:35,835  INFO  SSCC.LOG - SSCC.IST.FILETRANSFERPLUGIN;0;下载文件"BJZSMX20191107.DBF"成功，文件长度555
2019-11-08 10:09:36,089  INFO  SSCC.LOG - SSCC.IST.FILETRANSFERPLUGIN;0;下载文件"BJSMX020191107.DBF"成功，文件长度2419
2019-11-08 10:09:36,369  INFO  SSCC.LOG - SSCC.IST.FILETRANSFERPLUGIN;0;开始新文件任务：DOWNLOAD，Y:\20191108\BJSMX120191107.DBF！
2019-11-08 10:09:36,389  INFO  SSCC.LOG - SSCC.IST.FILETRANSFERPLUGIN;0;已经向北京结算通信网关发送指令，开始从主站下载： BJSMX120191107.DBF， 路径：C:\Program Files (x86)\SSCC\北京结算通信网关\File\2019-11-7\BJSMX120191107.DBF
2019-11-08 10:09:36,429  INFO  SSCC.LOG - SSCC.IST.FILETRANSFERPLUGIN;0;下载文件"ZJJGK20191107.DBF"成功，文件长度1281
2019-11-08 10:09:36,899  INFO  SSCC.LOG - SSCC.IST.FILETRANSFERPLUGIN;0;开始新文件任务：DOWNLOAD，Y:\20191108\BJSTJ20191107.DBF！
2019-11-08 10:09:36,929  INFO  SSCC.LOG - SSCC.IST.FILETRANSFERPLUGIN;0;已经向北京结算通信网关发送指令，开始从主站下载： BJSTJ20191107.DBF， 路径：C:\Program Files (x86)\SSCC\北京结算通信网关\File\2019-11-7\BJSTJ20191107.DBF
2019-11-08 10:09:37,585  INFO  SSCC.LOG - SSCC.IST.FILETRANSFERPLUGIN;0;开始新文件任务：DOWNLOAD，Y:\20191108\BJZSMXFK20191107.DBF！
2019-11-08 10:09:37,616  INFO  SSCC.LOG - SSCC.IST.FILETRANSFERPLUGIN;0;已经向北京结算通信网关发送指令，开始从主站下载： BJZSMXFK20191107.DBF， 路径：C:\Program Files (x86)\SSCC\北京结算通信网关\File\2019-11-7\BJZSMXFK20191107.DBF
2019-11-08 10:09:37,819  INFO  SSCC.LOG - SSCC.IST.FILETRANSFERPLUGIN;0;下载文件"BJZSMXFK20191107.DBF"成功，文件长度311
2019-11-08 10:09:38,069  INFO  SSCC.LOG - SSCC.IST.FILETRANSFERPLUGIN;0;开始新文件任务：DOWNLOAD，Y:\20191108\BJSMX020191107.DBF！
2019-11-08 10:09:38,100  INFO  SSCC.LOG - SSCC.IST.FILETRANSFERPLUGIN;0;已经向北京结算通信网关发送指令，开始从主站下载： BJSMX020191107.DBF， 路径：C:\Program Files (x86)\SSCC\北京结算通信网关\File\2019-11-7\BJSMX020191107.DBF
2019-11-08 10:09:38,568  INFO  SSCC.LOG - SSCC.IST.FILETRANSFERPLUGIN;0;开始新文件任务：DOWNLOAD，Y:\20191108\BJZSMX20191107.DBF！
2019-11-08 10:09:38,599  INFO  SSCC.LOG - SSCC.IST.FILETRANSFERPLUGIN;0;已经向北京结算通信网关发送指令，开始从主站下载： BJZSMX20191107.DBF， 路径：C:\Program Files (x86)\SSCC\北京结算通信网关\File\2019-11-7\BJZSMX20191107.DBF
2019-11-08 10:09:38,630  INFO  SSCC.LOG - SSCC.IST.FILETRANSFERPLUGIN;0;下载文件"BJSTJ20191107.DBF"成功，文件长度17333
2019-11-08 10:09:39,051  INFO  SSCC.LOG - SSCC.IST.FILETRANSFERPLUGIN;0;下载文件"BJSMX020191107.DBF"成功，文件长度2419
2019-11-08 10:09:39,535  INFO  SSCC.LOG - SSCC.IST.FILETRANSFERPLUGIN;0;下载文件"BJZSMX20191107.DBF"成功，文件长度555
2019-11-08 10:09:40,206  INFO  SSCC.LOG - SSCC.IST.FILETRANSFERPLUGIN;0;下载文件"BJSMX120191107.DBF"成功，文件长度249439
2019-11-08 10:09:41,563  INFO  SSCC.LOG - SSCC.IST.FILETRANSFERPLUGIN;0;下载文件"BJSDZ20191107.DBF"成功，文件长度848911
2019-11-08 10:10:29,073  DEBUG SSCC.LOG - ISTMAINFORM;0;正在保存环境，请稍后...
2019-11-08 10:10:29,089  DEBUG SSCC.LOG - WORKERTHREAD;0;Stop workThread,ThreadState:Running
2019-11-08 10:10:30,181  DEBUG SSCC.LOG - WORKERTHREAD;0;停止workThread线程成功
2019-11-08 10:10:30,181  DEBUG SSCC.LOG - FILEWORKERTHREAD;0;Stop fileWorkThread,ThreadState:WaitSleepJoin
2019-11-08 10:10:30,290  DEBUG SSCC.LOG - FILEWORKERTHREAD;0;停止fileWorkThread线程成功
2019-11-08 10:10:30,290  DEBUG SSCC.LOG - INSTWORKERTHREAD;0;Stop instWorkThread,ThreadState:WaitSleepJoin
2019-11-08 10:10:30,836  DEBUG SSCC.LOG - INSTWORKERTHREAD;0;停止instWorkThread线程成功
2019-11-08 10:10:30,836  DEBUG SSCC.LOG - FJYWORKERTHREAD;0;Stop FJYWorkThread,ThreadState:WaitSleepJoin
2019-11-08 10:10:31,054  DEBUG SSCC.LOG - FJYWORKERTHREAD;0;停止FJYWorkThread线程成功
2019-11-08 10:10:31,086  DEBUG SSCC.LOG - SSCC.IST.APPFRAME;0;ISTMainForm_Closing中Logout！
2019-11-08 10:10:31,101  INFO  SSCC.LOG - SSCC.IST.APPFRAME;0;用户关闭程序！
2019-11-08 10:17:03,051  INFO  SSCC.LOG - SSCC.IST.LOGINPLUGIN;0;欢迎使用北京结算终端服务，用户2402登录成功, 版本日期为20150831
2019-11-08 10:17:03,504  DEBUG SSCC.LOG - PLUGINENGINE;0;插件"SSCC.LOGPLUGIN"初始化成功。
2019-11-08 10:17:03,504  DEBUG SSCC.LOG - PLUGINENGINE;0;插件"SSCC.IST.LOGINPLUGIN"初始化成功。
2019-11-08 10:17:03,504  DEBUG SSCC.LOG - PLUGINENGINE;0;插件"SSCC.IST.NOTICEPLUGIN"初始化成功。
2019-11-08 10:17:03,504  DEBUG SSCC.LOG - PLUGINENGINE;0;插件"SSCC.IST.FILETRANSFERPLUGIN"初始化成功。
2019-11-08 10:17:03,504  DEBUG SSCC.LOG - PLUGINENGINE;0;插件"SSCC.IST.VOUCHERPLUGIN"初始化成功。
2019-11-08 10:17:03,519  DEBUG SSCC.LOG - PLUGINENGINE;0;插件"SSCC.IST.CLEARPLUGIN"初始化成功。
2019-11-08 10:17:03,519  DEBUG SSCC.LOG - PLUGINENGINE;0;插件"SSCC.IST.FJYPLUGIN"初始化成功。
2019-11-08 10:17:03,519  DEBUG SSCC.LOG - PLUGINENGINE;0;插件"SSCC.IST.USERPLUGIN"初始化成功。
2019-11-08 10:17:03,519  DEBUG SSCC.LOG - PLUGINENGINE;0;插件"SSCC.IST.CONFIGPLUGIN"初始化成功。
2019-11-08 10:17:03,800  DEBUG SSCC.LOG - ISTFRAME;0;信息区窗口"LogForm"与已有信息区窗口类型重复，该信息区窗口将被忽略。
2019-11-08 10:17:03,909  DEBUG SSCC.LOG - ISTMAINFORM;0;正在刷新公告列表...
2019-11-08 10:17:03,925  DEBUG SSCC.LOG - ISTMAINFORM;0;就绪
2019-11-08 10:17:03,972  DEBUG SSCC.LOG - FILEWORKERTHREAD;0;Startup fileWorkerThread
2019-11-08 10:17:03,987  DEBUG SSCC.LOG - INSTWORKERTHREAD;0;Startup instWorkerThread
2019-11-08 10:17:04,034  DEBUG SSCC.LOG - FJYWORKERTHREAD;0;Startup FJYWorkerThread
2019-11-08 10:17:04,034  DEBUG SSCC.LOG - InstWorker;0;打开ZDYWSX.dat文件(Path:C:\Program Files (x86)\SSCC\北京结算终端服务\ZDYW\2019-11-08\ZDYWSX.dat)
2019-11-08 10:17:04,034  DEBUG SSCC.LOG - WORKERTHREAD;0;Startup workerThread
2019-11-08 10:17:04,065  DEBUG SSCC.LOG - ISTMAINFORM;0;正在导入CSZQK.DBF的信息，请耐心等待...
2019-11-08 10:17:04,143  DEBUG SSCC.LOG - ISTMAINFORM;0;就绪
2019-11-08 10:17:04,143  DEBUG SSCC.LOG - ISTMAINFORM;0;正在导入CSZHK.DBF的信息，请耐心等待...
2019-11-08 10:17:04,143  DEBUG SSCC.LOG - ISTMAINFORM;0;就绪
2019-11-08 10:17:04,143  DEBUG SSCC.LOG - ISTMAINFORM;0;正在导入BJSXW.DBF的信息，请耐心等待...
2019-11-08 10:17:04,159  DEBUG SSCC.LOG - ISTMAINFORM;0;就绪
2019-11-08 10:17:04,159  DEBUG SSCC.LOG - ISTMAINFORM;0;正在导入BJSXW2.DBF的信息，请耐心等待...
2019-11-08 10:17:04,159  DEBUG SSCC.LOG - ISTMAINFORM;0;就绪
2019-11-08 10:17:04,159  DEBUG SSCC.LOG - ISTMAINFORM;0;OnlineUpdate Init
2019-11-08 10:17:14,455  DEBUG SSCC.LOG - SSCC.IST.FILETRANSFERPLUGIN;0;*点击文件下载*
2019-11-08 10:23:45,276  DEBUG SSCC.LOG - SSCC.IST.FILETRANSFERPLUGIN;0;*点击文件上传*
2019-11-08 10:23:48,287  DEBUG SSCC.LOG - SSCC.IST.FILETRANSFERPLUGIN;0;*点击文件下载*
2019-11-08 10:24:11,675  INFO  SSCC.LOG - SSCC.IST.FILETRANSFERPLUGIN;0;开始新文件任务：DOWNLOAD，Y:\20191108\BJSJG20191106.DBF！
2019-11-08 10:24:11,722  INFO  SSCC.LOG - SSCC.IST.FILETRANSFERPLUGIN;0;已经向北京结算通信网关发送指令，开始从主站下载： BJSJG20191106.DBF， 路径：C:\Program Files (x86)\SSCC\北京结算通信网关\File\2019-11-6\BJSJG20191106.DBF
2019-11-08 10:24:36,510  INFO  SSCC.LOG - SSCC.IST.FILETRANSFERPLUGIN;0;下载文件"BJSJG20191106.DBF"成功，文件长度519265
2019-11-08 10:52:37,147  DEBUG SSCC.LOG - ISTMAINFORM;0;正在保存环境，请稍后...
2019-11-08 10:52:37,428  DEBUG SSCC.LOG - WORKERTHREAD;0;Stop workThread,ThreadState:WaitSleepJoin
2019-11-08 10:52:38,301  DEBUG SSCC.LOG - WORKERTHREAD;0;停止workThread线程成功
2019-11-08 10:52:38,301  DEBUG SSCC.LOG - FILEWORKERTHREAD;0;Stop fileWorkThread,ThreadState:WaitSleepJoin
2019-11-08 10:52:38,411  DEBUG SSCC.LOG - FILEWORKERTHREAD;0;停止fileWorkThread线程成功
2019-11-08 10:52:38,411  DEBUG SSCC.LOG - INSTWORKERTHREAD;0;Stop instWorkThread,ThreadState:WaitSleepJoin
2019-11-08 10:52:38,629  DEBUG SSCC.LOG - INSTWORKERTHREAD;0;停止instWorkThread线程成功
2019-11-08 10:52:38,629  DEBUG SSCC.LOG - FJYWORKERTHREAD;0;Stop FJYWorkThread,ThreadState:WaitSleepJoin
2019-11-08 10:52:38,738  DEBUG SSCC.LOG - FJYWORKERTHREAD;0;停止FJYWorkThread线程成功
2019-11-08 10:52:38,769  DEBUG SSCC.LOG - SSCC.IST.APPFRAME;0;ISTMainForm_Closing中Logout！
2019-11-08 10:52:38,769  INFO  SSCC.LOG - SSCC.IST.APPFRAME;0;用户关闭程序！
2019-11-08 14:21:29,310  INFO  SSCC.LOG - SSCC.IST.LOGINPLUGIN;0;欢迎使用北京结算终端服务，程序版本日期为20150831，用户取消登录！
2019-11-08 14:24:07,076  INFO  SSCC.LOG - SSCC.IST.LOGINPLUGIN;0;欢迎使用北京结算终端服务，用户2402登录成功, 版本日期为20150831
2019-11-08 14:24:07,567  DEBUG SSCC.LOG - PLUGINENGINE;0;插件"SSCC.LOGPLUGIN"初始化成功。
2019-11-08 14:24:07,568  DEBUG SSCC.LOG - PLUGINENGINE;0;插件"SSCC.IST.LOGINPLUGIN"初始化成功。
2019-11-08 14:24:07,569  DEBUG SSCC.LOG - PLUGINENGINE;0;插件"SSCC.IST.NOTICEPLUGIN"初始化成功。
2019-11-08 14:24:07,570  DEBUG SSCC.LOG - PLUGINENGINE;0;插件"SSCC.IST.FILETRANSFERPLUGIN"初始化成功。
2019-11-08 14:24:07,571  DEBUG SSCC.LOG - PLUGINENGINE;0;插件"SSCC.IST.VOUCHERPLUGIN"初始化成功。
2019-11-08 14:24:07,571  DEBUG SSCC.LOG - PLUGINENGINE;0;插件"SSCC.IST.CLEARPLUGIN"初始化成功。
2019-11-08 14:24:07,572  DEBUG SSCC.LOG - PLUGINENGINE;0;插件"SSCC.IST.FJYPLUGIN"初始化成功。
2019-11-08 14:24:07,573  DEBUG SSCC.LOG - PLUGINENGINE;0;插件"SSCC.IST.USERPLUGIN"初始化成功。
2019-11-08 14:24:07,574  DEBUG SSCC.LOG - PLUGINENGINE;0;插件"SSCC.IST.CONFIGPLUGIN"初始化成功。
2019-11-08 14:24:07,765  DEBUG SSCC.LOG - ISTFRAME;0;信息区窗口"LogForm"与已有信息区窗口类型重复，该信息区窗口将被忽略。
2019-11-08 14:24:08,194  DEBUG SSCC.LOG - ISTMAINFORM;0;正在刷新公告列表...
2019-11-08 14:24:08,321  DEBUG SSCC.LOG - ISTMAINFORM;0;就绪
2019-11-08 14:24:08,656  DEBUG SSCC.LOG - FILEWORKERTHREAD;0;Startup fileWorkerThread
2019-11-08 14:24:08,856  DEBUG SSCC.LOG - INSTWORKERTHREAD;0;Startup instWorkerThread
2019-11-08 14:24:08,925  DEBUG SSCC.LOG - FJYWORKERTHREAD;0;Startup FJYWorkerThread
2019-11-08 14:24:08,928  DEBUG SSCC.LOG - InstWorker;0;打开ZDYWSX.dat文件(Path:C:\Program Files (x86)\SSCC\北京结算终端服务\ZDYW\2019-11-08\ZDYWSX.dat)
2019-11-08 14:24:09,030  DEBUG SSCC.LOG - WORKERTHREAD;0;Startup workerThread
2019-11-08 14:24:09,091  DEBUG SSCC.LOG - ISTMAINFORM;0;正在导入CSZQK.DBF的信息，请耐心等待...
2019-11-08 14:24:09,225  DEBUG SSCC.LOG - ISTMAINFORM;0;就绪
2019-11-08 14:24:09,226  DEBUG SSCC.LOG - ISTMAINFORM;0;正在导入CSZHK.DBF的信息，请耐心等待...
2019-11-08 14:24:09,228  DEBUG SSCC.LOG - ISTMAINFORM;0;就绪
2019-11-08 14:24:09,228  DEBUG SSCC.LOG - ISTMAINFORM;0;正在导入BJSXW.DBF的信息，请耐心等待...
2019-11-08 14:24:09,245  DEBUG SSCC.LOG - ISTMAINFORM;0;就绪
2019-11-08 14:24:09,245  DEBUG SSCC.LOG - ISTMAINFORM;0;正在导入BJSXW2.DBF的信息，请耐心等待...
2019-11-08 14:24:09,260  DEBUG SSCC.LOG - ISTMAINFORM;0;就绪
2019-11-08 14:24:09,261  DEBUG SSCC.LOG - ISTMAINFORM;0;OnlineUpdate Init
2019-11-08 14:28:01,069  DEBUG SSCC.LOG - ISTMAINFORM;0;正在保存环境，请稍后...
2019-11-08 14:28:01,072  DEBUG SSCC.LOG - WORKERTHREAD;0;Stop workThread,ThreadState:WaitSleepJoin
2019-11-08 14:28:01,873  DEBUG SSCC.LOG - WORKERTHREAD;0;停止workThread线程成功
2019-11-08 14:28:01,877  DEBUG SSCC.LOG - FILEWORKERTHREAD;0;Stop fileWorkThread,ThreadState:WaitSleepJoin
2019-11-08 14:28:02,041  DEBUG SSCC.LOG - FILEWORKERTHREAD;0;停止fileWorkThread线程成功
2019-11-08 14:28:02,045  DEBUG SSCC.LOG - INSTWORKERTHREAD;0;Stop instWorkThread,ThreadState:WaitSleepJoin
2019-11-08 14:28:02,251  DEBUG SSCC.LOG - INSTWORKERTHREAD;0;停止instWorkThread线程成功
2019-11-08 14:28:02,257  DEBUG SSCC.LOG - FJYWORKERTHREAD;0;Stop FJYWorkThread,ThreadState:WaitSleepJoin
2019-11-08 14:28:02,563  DEBUG SSCC.LOG - FJYWORKERTHREAD;0;停止FJYWorkThread线程成功
2019-11-08 14:28:02,600  DEBUG SSCC.LOG - SSCC.IST.APPFRAME;0;ISTMainForm_Closing中Logout！
2019-11-08 14:28:02,611  INFO  SSCC.LOG - SSCC.IST.APPFRAME;0;用户关闭程序！
2019-11-08 14:31:12,056  INFO  SSCC.LOG - SSCC.IST.LOGINPLUGIN;0;欢迎使用北京结算终端服务，程序版本日期为20150831，用户取消登录！
2019-11-08 15:03:04,962  INFO  SSCC.LOG - SSCC.IST.LOGINPLUGIN;0;欢迎使用北京结算终端服务，用户2402登录成功, 版本日期为20150831
2019-11-08 15:03:05,530  DEBUG SSCC.LOG - PLUGINENGINE;0;插件"SSCC.LOGPLUGIN"初始化成功。
2019-11-08 15:03:05,530  DEBUG SSCC.LOG - PLUGINENGINE;0;插件"SSCC.IST.LOGINPLUGIN"初始化成功。
2019-11-08 15:03:05,532  DEBUG SSCC.LOG - PLUGINENGINE;0;插件"SSCC.IST.NOTICEPLUGIN"初始化成功。
2019-11-08 15:03:05,533  DEBUG SSCC.LOG - PLUGINENGINE;0;插件"SSCC.IST.FILETRANSFERPLUGIN"初始化成功。
2019-11-08 15:03:05,535  DEBUG SSCC.LOG - PLUGINENGINE;0;插件"SSCC.IST.VOUCHERPLUGIN"初始化成功。
2019-11-08 15:03:05,535  DEBUG SSCC.LOG - PLUGINENGINE;0;插件"SSCC.IST.CLEARPLUGIN"初始化成功。
2019-11-08 15:03:05,537  DEBUG SSCC.LOG - PLUGINENGINE;0;插件"SSCC.IST.FJYPLUGIN"初始化成功。
2019-11-08 15:03:05,538  DEBUG SSCC.LOG - PLUGINENGINE;0;插件"SSCC.IST.USERPLUGIN"初始化成功。
2019-11-08 15:03:05,539  DEBUG SSCC.LOG - PLUGINENGINE;0;插件"SSCC.IST.CONFIGPLUGIN"初始化成功。
2019-11-08 15:03:05,843  DEBUG SSCC.LOG - ISTFRAME;0;信息区窗口"LogForm"与已有信息区窗口类型重复，该信息区窗口将被忽略。
2019-11-08 15:03:06,281  DEBUG SSCC.LOG - ISTMAINFORM;0;正在刷新公告列表...
2019-11-08 15:03:06,435  DEBUG SSCC.LOG - ISTMAINFORM;0;就绪
2019-11-08 15:03:06,778  DEBUG SSCC.LOG - FILEWORKERTHREAD;0;Startup fileWorkerThread
2019-11-08 15:03:06,969  DEBUG SSCC.LOG - INSTWORKERTHREAD;0;Startup instWorkerThread
2019-11-08 15:03:07,062  DEBUG SSCC.LOG - FJYWORKERTHREAD;0;Startup FJYWorkerThread
2019-11-08 15:03:07,064  DEBUG SSCC.LOG - WORKERTHREAD;0;Startup workerThread
2019-11-08 15:03:07,075  DEBUG SSCC.LOG - InstWorker;0;打开ZDYWSX.dat文件(Path:C:\Program Files (x86)\SSCC\北京结算终端服务\ZDYW\2019-11-08\ZDYWSX.dat)
2019-11-08 15:03:07,113  DEBUG SSCC.LOG - ISTMAINFORM;0;正在导入CSZQK.DBF的信息，请耐心等待...
2019-11-08 15:03:07,265  DEBUG SSCC.LOG - ISTMAINFORM;0;就绪
2019-11-08 15:03:07,266  DEBUG SSCC.LOG - ISTMAINFORM;0;正在导入CSZHK.DBF的信息，请耐心等待...
2019-11-08 15:03:07,268  DEBUG SSCC.LOG - ISTMAINFORM;0;就绪
2019-11-08 15:03:07,268  DEBUG SSCC.LOG - ISTMAINFORM;0;正在导入BJSXW.DBF的信息，请耐心等待...
2019-11-08 15:03:07,286  DEBUG SSCC.LOG - ISTMAINFORM;0;就绪
2019-11-08 15:03:07,287  DEBUG SSCC.LOG - ISTMAINFORM;0;正在导入BJSXW2.DBF的信息，请耐心等待...
2019-11-08 15:03:07,299  DEBUG SSCC.LOG - ISTMAINFORM;0;就绪
2019-11-08 15:03:07,309  DEBUG SSCC.LOG - ISTMAINFORM;0;OnlineUpdate Init
2019-11-08 15:03:36,156  DEBUG SSCC.LOG - SSCC.IST.FILETRANSFERPLUGIN;0;*点击文件下载*
2019-11-08 15:03:42,251  INFO  SSCC.LOG - SSCC.IST.FILETRANSFERPLUGIN;0;开始新文件任务：DOWNLOAD，Y:\20191108\BJZSMX.DBF！
2019-11-08 15:03:42,293  INFO  SSCC.LOG - SSCC.IST.FILETRANSFERPLUGIN;0;开始传输文件： BJZSMX.DBF
2019-11-08 15:03:42,500  INFO  SSCC.LOG - SSCC.IST.FILETRANSFERPLUGIN;0;下载文件"BJZSMX.DBF"成功，文件长度767
2019-11-08 15:03:46,048  INFO  SSCC.LOG - SSCC.IST.FILETRANSFERPLUGIN;0;开始新文件任务：DOWNLOAD，Y:\20191108\BJSYE20191107.DBF！
2019-11-08 15:03:46,080  INFO  SSCC.LOG - SSCC.IST.FILETRANSFERPLUGIN;0;开始传输文件： BJSYE20191107.DBF
2019-11-08 15:03:46,152  INFO  SSCC.LOG - SSCC.IST.FILETRANSFERPLUGIN;0;下载文件"BJSYE20191107.DBF"成功，文件长度785
2019-11-08 15:03:46,824  INFO  SSCC.LOG - SSCC.IST.FILETRANSFERPLUGIN;0;开始新文件任务：DOWNLOAD，Y:\20191108\BJSZJ20191107.DBF！
2019-11-08 15:03:46,857  INFO  SSCC.LOG - SSCC.IST.FILETRANSFERPLUGIN;0;开始传输文件： BJSZJ20191107.DBF
2019-11-08 15:03:46,984  INFO  SSCC.LOG - SSCC.IST.FILETRANSFERPLUGIN;0;下载文件"BJSZJ20191107.DBF"成功，文件长度1549
2019-11-08 15:03:47,596  INFO  SSCC.LOG - SSCC.IST.FILETRANSFERPLUGIN;0;开始新文件任务：DOWNLOAD，Y:\20191108\BJSJG20191107.DBF！
2019-11-08 15:03:47,631  INFO  SSCC.LOG - SSCC.IST.FILETRANSFERPLUGIN;0;开始传输文件： BJSJG20191107.DBF
2019-11-08 15:03:55,850  INFO  SSCC.LOG - SSCC.IST.FILETRANSFERPLUGIN;0;下载文件"BJSJG20191107.DBF"成功，文件长度517409
2019-11-08 15:03:55,850  INFO  SSCC.LOG - SSCC.IST.FILETRANSFERPLUGIN;0;下载文件"BJSJG20191107.DBF"成功，文件长度517409